[
    {
        "auth": 3,
        "band": 1,
        "bssid": "32:cd:a7:ac:51:2f",
        "channel_width": 1,
        "cipher": 4,
        "clients": [
            {
                "client": "00:23:15:ff:9b:fa",
                "rssi": -83
            },
            {
                "channel_width": 1,
                "client": "20:32:33:31:fc:ae",
                "mimo": 0,
                "rssi": -79
            },
            {
                "channel_width": 1,
                "client": "20:32:33:33:22:34",
                "mimo": 0,
                "rssi": -73
            },
            {
                "client": "5c:80:b6:27:dc:b0",
                "rssi": -84
            }
        ],
        "frame_channel": 11,
        "mimo": 0,
        "mode": 1,
        "pmf": false,
        "protocol": 4,
        "radiotap_channel": 11,
        "rssi": -82,
        "ssid": "DIRECT-s6C140x Series",
        "ssid_broadcast": true,
        "wps": true
    },
    {
        "band": 1,
        "bssid": "10:e3:c7:09:08:39",
        "clients": [
            {
                "client": "12:36:94:7c:28:69",
                "rssi": -85
            }
        ],
        "frame_channel": 0,
        "mode": 1,
        "radiotap_channel": 9,
        "rssi": -85
    },
    {
        "auth": 3,
        "band": 1,
        "bssid": "06:c5:01:c9:0e:c1",
        "channel_width": 1,
        "cipher": 4,
        "clients": [],
        "frame_channel": 13,
        "mimo": 0,
        "mode": 1,
        "pmf": false,
        "protocol": 61,
        "radiotap_channel": 13,
        "rssi": -89,
        "ssid": "SECUI_GUEST",
        "wps": false
    },
    {
        "band": 1,
        "bssid": "24:d1:3f:15:02:43",
        "channel_width": 1,
        "cipher": 1,
        "clients": [],
        "frame_channel": 6,
        "mimo": 2,
        "mode": 1,
        "pmf": false,
        "protocol": 29,
        "radiotap_channel": 6,
        "rssi": -82,
        "ssid": "Public WiFi Free_270",
        "wps": false
    },
    {
        "auth": 3,
        "band": 1,
        "bssid": "28:6d:97:88:40:44",
        "channel_width": 1,
        "cipher": 4,
        "clients": [
            {
                "client": "0c:8b:fd:31:47:46",
                "rssi": -87
            },
            {
                "client": "16:d4:4a:9d:3b:79",
                "rssi": -90
            },
            {
                "client": "1e:20:7a:c0:9c:4a",
                "rssi": -90
            },
            {
                "client": "5a:d6:9e:6c:6d:28",
                "rssi": -89
            },
            {
                "client": "76:0e:4c:45:f8:33",
                "rssi": -90
            },
            {
                "client": "76:3e:73:90:fd:43",
                "rssi": -82
            },
            {
                "client": "7a:e7:c5:3d:1a:f2",
                "rssi": -89
            },
            {
                "client": "94:8b:c1:41:77:ab",
                "rssi": -87
            },
            {
                "client": "aa:d1:9c:60:b1:ec",
                "rssi": -88
            },
            {
                "client": "ba:1f:f4:70:1b:e4",
                "rssi": -88
            },
            {
                "client": "ca:65:f2:00:cd:d7",
                "rssi": -90
            },
            {
                "client": "d2:68:84:b0:2a:da",
                "rssi": -89
            }
        ],
        "frame_channel": 1,
        "mimo": 0,
        "mode": 1,
        "pmf": false,
        "protocol": 13,
        "radiotap_channel": 1,
        "rssi": -89,
        "ssid": "[air purifier] Samsung",
        "ssid_broadcast": true,
        "wps": false
    },
    {
        "auth": 3,
        "band": 1,
        "bssid": "00:0b:81:9f:42:8b",
        "channel_width": 1,
        "cipher": 4,
        "clients": [],
        "frame_channel": 6,
        "mimo": 0,
        "mode": 1,
        "pmf": false,
        "protocol": 13,
        "radiotap_channel": 6,
        "rssi": -89,
        "ssid": "GNET_BB_X3I_9F428B",
        "ssid_broadcast": true,
        "wps": true
    },
    {
        "auth": 3,
        "band": 1,
        "bssid": "00:e0:4b:04:5c:48",
        "channel_width": 1,
        "cipher": 4,
        "clients": [],
        "frame_channel": 6,
        "mimo": 0,
        "mode": 1,
        "pmf": false,
        "protocol": 13,
        "radiotap_channel": 6,
        "rssi": -84,
        "ssid": "janus_bb_gn100_045C48",
        "ssid_broadcast": true,
        "wps": true
    },
    {
        "auth": 3,
        "band": 1,
        "bssid": "06:c5:01:c9:0f:20",
        "channel_width": 1,
        "cipher": 4,
        "clients": [],
        "frame_channel": 1,
        "mimo": 0,
        "mode": 1,
        "pmf": false,
        "protocol": 61,
        "radiotap_channel": 1,
        "rssi": -86,
        "ssid": "SECUI_ADM",
        "ssid_broadcast": true,
        "wps": false
    },
    {
        "auth": 3,
        "band": 1,
        "bssid": "06:c5:01:c9:0f:10",
        "channel_width": 1,
        "cipher": 4,
        "clients": [
            {
                "channel_width": 1,
                "client": "20:32:33:31:fc:ae",
                "mimo": 0,
                "rssi": -79
            }
        ],
        "frame_channel": 5,
        "mimo": 0,
        "mode": 1,
        "pmf": false,
        "protocol": 61,
        "radiotap_channel": 5,
        "rssi": -70,
        "ssid": "SECUI_ADM",
        "ssid_broadcast": true,
        "wps": false
    },
    {
        "auth": 3,
        "band": 1,
        "bssid": "88:36:6c:41:d4:b4",
        "channel_width": 2,
        "cipher": 4,
        "clients": [
            {
                "client": "be:a1:f1:01:f2:61",
                "rssi": -78
            }
        ],
        "frame_channel": 9,
        "mimo": 1,
        "mode": 1,
        "pmf": false,
        "protocol": 29,
        "radiotap_channel": 9,
        "rssi": -88,
        "ssid": "aul1",
        "ssid_broadcast": true,
        "wps": true
    },
    {
        "band": 1,
        "bssid": "1e:bd:ad:16:08:a2",
        "clients": [
            {
                "client": "0a:b3:4f:42:8f:f6",
                "rssi": -88
            },
            {
                "client": "26:3e:8e:59:6c:70",
                "rssi": -89
            },
            {
                "client": "66:54:6f:ba:3b:d5",
                "rssi": -88
            },
            {
                "client": "96:be:ab:34:00:e8",
                "rssi": -86
            },
            {
                "client": "a6:18:bd:2d:09:78",
                "rssi": -88
            },
            {
                "client": "b4:1a:1d:f2:18:a5",
                "rssi": -87
            },
            {
                "client": "d2:53:d7:1c:77:1c",
                "rssi": -88
            },
            {
                "client": "da:a3:05:bb:10:fe",
                "rssi": -84
            },
            {
                "client": "e4:fa:ed:6c:91:3e",
                "rssi": -77
            },
            {
                "client": "ec:aa:25:7c:2f:89",
                "rssi": -88
            }
        ],
        "frame_channel": 0,
        "mode": 1,
        "radiotap_channel": 1,
        "rssi": -84
    },
    {
        "auth": 3,
        "band": 1,
        "bssid": "86:25:19:35:88:8e",
        "channel_width": 1,
        "cipher": 4,
        "clients": [],
        "frame_channel": 11,
        "mimo": 0,
        "mode": 1,
        "pmf": false,
        "protocol": 4,
        "radiotap_channel": 11,
        "rssi": -88,
        "ssid": "DIRECT-DWC140x Series",
        "ssid_broadcast": true,
        "wps": true
    },
    {
        "auth": 3,
        "band": 1,
        "bssid": "64:e5:99:18:e3:ca",
        "channel_width": 2,
        "cipher": 4,
        "clients": [],
        "frame_channel": 3,
        "mimo": 0,
        "mode": 1,
        "pmf": false,
        "protocol": 13,
        "radiotap_channel": 3,
        "rssi": -87,
        "ssid": "KMB-UNION",
        "ssid_broadcast": true,
        "wps": true
    },
    {
        "band": 1,
        "bssid": "1a:0e:b3:22:1b:87",
        "clients": [
            {
                "client": "44:00:10:d8:c3:64",
                "rssi": -76
            }
        ],
        "frame_channel": 0,
        "mode": 1,
        "radiotap_channel": 6,
        "rssi": -76
    },
    {
        "auth": 3,
        "band": 1,
        "bssid": "38:94:ed:cb:8d:ba",
        "channel_width": 1,
        "cipher": 4,
        "clients": [
            {
                "client": "1a:94:7a:f5:58:0d",
                "rssi": -61
            },
            {
                "client": "2a:19:d8:d8:38:ef",
                "rssi": -50
            },
            {
                "client": "2e:6e:9d:23:e6:6c",
                "rssi": -64
            },
            {
                "client": "c2:3f:de:c3:85:ad",
                "rssi": -64
            },
            {
                "client": "e6:8a:35:3e:2a:5e",
                "rssi": -63
            }
        ],
        "frame_channel": 11,
        "mimo": 0,
        "mode": 1,
        "pmf": false,
        "protocol": 61,
        "radiotap_channel": 11,
        "rssi": -63,
        "ssid": "QA_Netgear_2.4G",
        "ssid_broadcast": true,
        "wps": true
    },
    {
        "band": 1,
        "bssid": "7c:7a:53:02:6c:1d",
        "channel_width": 1,
        "cipher": 2,
        "clients": [
            {
                "client": "02:36:36:32:30:37",
                "rssi": -88
            },
            {
                "channel_width": 2,
                "client": "56:de:f6:97:77:2d",
                "mimo": 0,
                "rssi": -89
            },
            {
                "client": "72:48:a6:5e:c6:ad",
                "rssi": -89
            },
            {
                "client": "da:a1:19:84:10:7a",
                "rssi": -87
            },
            {
                "client": "da:a1:19:fd:53:fe",
                "rssi": -80
            }
        ],
        "frame_channel": 2,
        "mimo": 0,
        "mode": 1,
        "pmf": false,
        "protocol": 5,
        "radiotap_channel": 2,
        "rssi": -88,
        "ssid": "dwtrs_222",
        "ssid_broadcast": true,
        "wps": false
    },
    {
        "auth": 3,
        "band": 1,
        "bssid": "42:23:aa:e6:62:9a",
        "channel_width": 1,
        "cipher": 4,
        "clients": [
            {
                "client": "02:92:74:7b:12:8c",
                "rssi": -89
            },
            {
                "client": "64:1c:ae:c8:d4:23",
                "rssi": -89
            }
        ],
        "frame_channel": 11,
        "mimo": 0,
        "mode": 1,
        "pmf": false,
        "protocol": 13,
        "radiotap_channel": 11,
        "rssi": -89,
        "ssid": "SK_WiFiGIGA6298_2.4G",
        "wps": false
    },
    {
        "band": 1,
        "bssid": "b6:e6:2d:43:f7:85",
        "channel_width": 1,
        "cipher": 1,
        "clients": [
            {
                "client": "5e:c5:16:22:f5:8c",
                "rssi": -87
            }
        ],
        "frame_channel": 1,
        "mimo": 0,
        "mode": 1,
        "pmf": false,
        "protocol": 5,
        "radiotap_channel": 1,
        "rssi": -74,
        "ssid": "ESP_43F785",
        "ssid_broadcast": true,
        "wps": false
    },
    {
        "auth": 3,
        "band": 1,
        "bssid": "06:c5:01:c9:0f:11",
        "channel_width": 1,
        "cipher": 4,
        "clients": [
            {
                "channel_width": 1,
                "client": "20:32:33:33:22:34",
                "mimo": 0,
                "rssi": -73
            },
            {
                "client": "30:10:b3:b0:3f:f5",
                "rssi": -78
            },
            {
                "client": "fc:de:90:ab:0f:73",
                "rssi": -82
            }
        ],
        "frame_channel": 5,
        "mimo": 0,
        "mode": 1,
        "pmf": false,
        "protocol": 61,
        "radiotap_channel": 5,
        "rssi": -80,
        "ssid": "SECUI_GUEST",
        "ssid_broadcast": true,
        "wps": false
    },
    {
        "band": 1,
        "bssid": "24:d1:3f:15:4e:c9",
        "channel_width": 1,
        "cipher": 1,
        "clients": [],
        "frame_channel": 1,
        "mimo": 2,
        "mode": 1,
        "pmf": false,
        "protocol": 29,
        "radiotap_channel": 1,
        "rssi": -76,
        "ssid": "Public WiFi Free_271",
        "ssid_broadcast": true,
        "wps": false
    },
    {
        "auth": 3,
        "band": 1,
        "bssid": "70:5d:cc:6d:b4:96",
        "channel_width": 2,
        "cipher": 4,
        "clients": [
            {
                "client": "48:f1:7f:a4:22:9d",
                "rssi": -88
            },
            {
                "client": "78:11:dc:85:70:8f",
                "rssi": -88
            }
        ],
        "frame_channel": 5,
        "mimo": 0,
        "mode": 1,
        "pmf": false,
        "protocol": 29,
        "radiotap_channel": 5,
        "rssi": -88,
        "ssid": "TURKISH",
        "ssid_broadcast": true,
        "wps": true
    },
    {
        "auth": 3,
        "band": 1,
        "bssid": "c4:41:1e:9a:ae:d8",
        "channel_width": 1,
        "cipher": 4,
        "clients": [
            {
                "channel_width": 1,
                "client": "20:32:33:31:fc:ae",
                "mimo": 0,
                "rssi": -79
            },
            {
                "channel_width": 1,
                "client": "88:53:2e:a8:70:e6",
                "mimo": 0,
                "rssi": -67
            }
        ],
        "frame_channel": 4,
        "mimo": 2,
        "mode": 1,
        "pmf": false,
        "protocol": 61,
        "radiotap_channel": 4,
        "rssi": -63,
        "ssid": "QA_Velop_2.4G",
        "ssid_broadcast": true,
        "wps": true
    },
    {
        "auth": 3,
        "band": 1,
        "bssid": "d0:be:2c:26:c1:55",
        "channel_width": 2,
        "cipher": 4,
        "clients": [
            {
                "client": "cc:1b:e0:b0:8f:fc",
                "rssi": -89
            }
        ],
        "frame_channel": 5,
        "mimo": 0,
        "mode": 1,
        "pmf": false,
        "protocol": 13,
        "radiotap_channel": 5,
        "rssi": -86,
        "ssid": "CNR-L500W_26C155",
        "wps": false
    },
    {
        "band": 1,
        "bssid": "1e:bd:ad:14:46:23",
        "channel_width": 1,
        "cipher": 1,
        "clients": [
            {
                "client": "12:dc:22:fb:c8:43",
                "rssi": -89
            },
            {
                "client": "16:4c:e3:dd:a0:39",
                "rssi": -86
            },
            {
                "client": "16:8b:d1:e7:a3:b5",
                "rssi": -87
            },
            {
                "channel_width": 1,
                "client": "20:32:33:31:fc:ae",
                "mimo": 0,
                "rssi": -79
            },
            {
                "channel_width": 1,
                "client": "20:32:33:33:22:34",
                "mimo": 0,
                "rssi": -73
            },
            {
                "client": "22:41:0f:2a:ab:fe",
                "rssi": -88
            },
            {
                "client": "26:00:53:e3:81:48",
                "rssi": -86
            },
            {
                "client": "32:04:27:57:47:98",
                "rssi": -89
            },
            {
                "client": "36:17:35:86:f8:e1",
                "rssi": -75
            },
            {
                "client": "36:9d:65:7e:33:05",
                "rssi": -88
            },
            {
                "channel_width": 1,
                "client": "50:77:05:7e:e4:56",
                "mimo": 0,
                "rssi": -89
            },
            {
                "client": "50:77:05:d2:5b:8e",
                "rssi": -87
            },
            {
                "client": "50:77:05:fa:f4:66",
                "rssi": -88
            },
            {
                "client": "52:c4:7b:3c:20:a1",
                "rssi": -87
            },
            {
                "client": "5a:b0:12:86:c9:b2",
                "rssi": -88
            },
            {
                "client": "62:82:f7:3c:16:8f",
                "rssi": -87
            },
            {
                "client": "64:7b:ce:a8:2e:64",
                "rssi": -90
            },
            {
                "client": "6e:87:b2:79:6b:8f",
                "rssi": -86
            },
            {
                "client": "7a:76:b5:5d:e0:d6",
                "rssi": -76
            },
            {
                "client": "7c:7a:53:02:63:e9",
                "rssi": -86
            },
            {
                "channel_width": 1,
                "client": "7c:7a:53:02:64:2e",
                "mimo": 0,
                "rssi": -90
            },
            {
                "channel_width": 1,
                "client": "7c:7a:53:02:6a:10",
                "mimo": 0,
                "rssi": -78
            },
            {
                "client": "7e:bd:68:aa:7f:19",
                "rssi": -87
            },
            {
                "client": "8a:a5:4a:68:16:db",
                "rssi": -87
            },
            {
                "channel_width": 2,
                "client": "94:8b:c1:42:0d:a5",
                "mimo": 0,
                "rssi": -90
            },
            {
                "client": "96:ce:59:13:d5:ec",
                "rssi": -90
            },
            {
                "client": "9e:22:74:29:d5:5b",
                "rssi": -88
            },
            {
                "client": "9e:8c:f1:a3:67:8a",
                "rssi": -76
            },
            {
                "client": "a2:3d:89:4e:cc:ae",
                "rssi": -88
            },
            {
                "client": "aa:db:0e:8a:ba:85",
                "rssi": -88
            },
            {
                "client": "b2:4e:d8:1a:ee:ab",
                "rssi": -76
            },
            {
                "client": "b6:0f:a8:c2:56:f2",
                "rssi": -87
            },
            {
                "client": "b6:8d:cf:a8:c1:07",
                "rssi": -78
            },
            {
                "client": "be:84:23:92:56:53",
                "rssi": -85
            },
            {
                "client": "be:f5:fa:77:0f:a0",
                "rssi": -86
            },
            {
                "client": "da:f6:cf:2f:ac:4b",
                "rssi": -87
            },
            {
                "client": "dc:dc:e2:37:27:82",
                "rssi": -82
            },
            {
                "client": "ee:35:f7:40:05:81",
                "rssi": -88
            },
            {
                "channel_width": 1,
                "client": "f2:67:28:59:35:fa",
                "mimo": 0,
                "rssi": -88
            },
            {
                "client": "f2:9b:d9:66:f2:24",
                "rssi": -87
            },
            {
                "client": "f2:e9:17:5b:69:e8",
                "rssi": -76
            },
            {
                "client": "f6:6b:6e:e8:22:b9",
                "rssi": -77
            }
        ],
        "frame_channel": 1,
        "mimo": 0,
        "mode": 1,
        "pmf": false,
        "protocol": 13,
        "radiotap_channel": 1,
        "rssi": -86,
        "ssid": "T Free WiFi Zone",
        "ssid_broadcast": true,
        "wps": false
    },
    {
        "band": 1,
        "bssid": "24:d1:3f:15:71:16",
        "channel_width": 1,
        "cipher": 1,
        "clients": [
            {
                "client": "7e:3f:68:db:83:60",
                "rssi": -85
            }
        ],
        "frame_channel": 1,
        "mimo": 2,
        "mode": 1,
        "pmf": false,
        "protocol": 29,
        "radiotap_channel": 1,
        "rssi": -87,
        "ssid": "Public WiFi Free_721",
        "ssid_broadcast": true,
        "wps": false
    },
    {
        "auth": 3,
        "band": 1,
        "bssid": "24:d1:3f:16:9a:b4",
        "channel_width": 1,
        "cipher": 4,
        "clients": [
            {
                "client": "16:98:d3:e2:04:ab",
                "rssi": -89
            },
            {
                "client": "2e:a2:32:96:23:4c",
                "rssi": -90
            },
            {
                "client": "32:9a:36:51:2a:a2",
                "rssi": -87
            },
            {
                "client": "3e:b0:61:42:c8:e0",
                "rssi": -86
            },
            {
                "client": "50:77:05:57:84:13",
                "rssi": -88
            },
            {
                "client": "b6:d6:37:35:ae:0b",
                "rssi": -88
            },
            {
                "client": "d2:1a:0d:a3:f6:98",
                "rssi": -88
            }
        ],
        "frame_channel": 11,
        "mimo": 0,
        "mode": 1,
        "pmf": false,
        "protocol": 13,
        "radiotap_channel": 11,
        "rssi": -88,
        "ssid": "kakao T",
        "ssid_broadcast": true,
        "wps": false
    },
    {
        "auth": 3,
        "band": 1,
        "bssid": "2c:57:41:53:57:02",
        "channel_width": 1,
        "cipher": 4,
        "clients": [
            {
                "client": "6c:29:95:85:8b:12",
                "rssi": -66
            }
        ],
        "frame_channel": 11,
        "mimo": 0,
        "mode": 1,
        "pmf": false,
        "protocol": 45,
        "radiotap_channel": 11,
        "rssi": -69,
        "ssid": "QA_CISCO",
        "ssid_broadcast": true,
        "wps": false
    },
    {
        "band": 1,
        "bssid": "24:d1:3f:15:5a:48",
        "clients": [
            {
                "client": "7c:76:68:10:5c:6a",
                "rssi": -87
            }
        ],
        "frame_channel": 0,
        "mode": 1,
        "radiotap_channel": 6,
        "rssi": -85
    },
    {
        "band": 1,
        "bssid": "24:d1:3f:14:f0:97",
        "channel_width": 1,
        "cipher": 1,
        "clients": [
            {
                "client": "16:e9:6a:e3:e8:c2",
                "rssi": -86
            },
            {
                "client": "82:33:63:f9:eb:97",
                "rssi": -81
            }
        ],
        "frame_channel": 6,
        "mimo": 2,
        "mode": 1,
        "pmf": false,
        "protocol": 29,
        "radiotap_channel": 6,
        "rssi": -86,
        "ssid": "Public WiFi Free_9301",
        "wps": false
    },
    {
        "auth": 3,
        "band": 1,
        "bssid": "0c:8c:24:1e:96:fe",
        "channel_width": 2,
        "cipher": 4,
        "clients": [
            {
                "client": "12:22:46:24:78:46",
                "rssi": -83
            },
            {
                "client": "42:ad:9d:be:2f:37",
                "rssi": -78
            },
            {
                "client": "c8:d7:b0:44:59:c1",
                "rssi": -88
            }
        ],
        "frame_channel": 6,
        "mimo": 0,
        "mode": 1,
        "pmf": false,
        "protocol": 13,
        "radiotap_channel": 6,
        "rssi": -87,
        "ssid": "BMWACE2.00",
        "wps": false
    },
    {
        "band": 1,
        "bssid": "10:e3:c7:0a:75:71",
        "channel_width": 1,
        "cipher": 1,
        "clients": [
            {
                "client": "5a:4f:f9:9c:13:e5",
                "rssi": -89
            }
        ],
        "frame_channel": 13,
        "mimo": 2,
        "mode": 1,
        "pmf": false,
        "protocol": 29,
        "radiotap_channel": 13,
        "rssi": -89,
        "ssid": "T wifi zone",
        "ssid_broadcast": true,
        "wps": false
    },
    {
        "band": 1,
        "bssid": "18:bd:ad:15:fc:c0",
        "channel_width": 1,
        "cipher": 1,
        "clients": [
            {
                "client": "08:ae:d6:12:8d:df",
                "rssi": -88
            },
            {
                "client": "08:ae:d6:b3:d1:c9",
                "rssi": -87
            },
            {
                "client": "12:56:f1:ef:01:4d",
                "rssi": -87
            },
            {
                "client": "16:e4:cd:a3:fb:c9",
                "rssi": -82
            },
            {
                "client": "20:0d:b0:2a:9c:dc",
                "rssi": -89
            },
            {
                "channel_width": 1,
                "client": "20:32:33:31:fc:ae",
                "mimo": 0,
                "rssi": -79
            },
            {
                "channel_width": 1,
                "client": "20:32:33:33:22:34",
                "mimo": 0,
                "rssi": -73
            },
            {
                "channel_width": 1,
                "client": "6e:6b:a5:dd:fc:15",
                "mimo": 0,
                "rssi": -87
            },
            {
                "client": "6e:c6:40:db:3d:2d",
                "rssi": -89
            },
            {
                "client": "76:41:f1:45:c4:80",
                "rssi": -77
            },
            {
                "channel_width": 2,
                "client": "94:8b:c1:42:0d:a5",
                "mimo": 0,
                "rssi": -90
            },
            {
                "client": "9e:03:72:dd:4a:21",
                "rssi": -76
            },
            {
                "client": "9e:66:a6:ed:33:26",
                "rssi": -76
            },
            {
                "client": "c6:f1:f1:6e:a8:b2",
                "rssi": -88
            },
            {
                "client": "d6:6b:e2:78:05:09",
                "rssi": -82
            },
            {
                "client": "da:f2:3b:17:3f:cd",
                "rssi": -89
            },
            {
                "client": "de:a3:68:e2:56:55",
                "rssi": -86
            },
            {
                "client": "e2:7c:e2:27:0f:6f",
                "rssi": -87
            },
            {
                "client": "f2:4f:d9:7f:b2:20",
                "rssi": -87
            }
        ],
        "frame_channel": 1,
        "mimo": 0,
        "mode": 1,
        "pmf": false,
        "protocol": 13,
        "radiotap_channel": 1,
        "rssi": -87,
        "ssid": "T wifi zone",
        "ssid_broadcast": true,
        "wps": false
    },
    {
        "band": 1,
        "bssid": "d8:19:ce:03:3b:e5",
        "channel_width": 2,
        "cipher": 1,
        "clients": [
            {
                "client": "06:3f:ca:a6:bb:4a",
                "rssi": -90
            }
        ],
        "frame_channel": 11,
        "mimo": 0,
        "mode": 1,
        "pmf": false,
        "protocol": 13,
        "radiotap_channel": 11,
        "rssi": -89,
        "ssid": "Public WiFi Free_N62",
        "ssid_broadcast": true,
        "wps": false
    },
    {
        "auth": 2,
        "band": 1,
        "bssid": "1e:bd:ad:15:fc:c2",
        "channel_width": 1,
        "cipher": 4,
        "clients": [
            {
                "client": "04:b4:29:6e:01:f3",
                "rssi": -89
            },
            {
                "client": "0a:1e:32:9c:59:fe",
                "rssi": -88
            },
            {
                "channel_width": 1,
                "client": "20:32:33:33:22:34",
                "mimo": 0,
                "rssi": -73
            },
            {
                "client": "22:5d:d9:6e:7d:3d",
                "rssi": -89
            },
            {
                "client": "26:05:79:27:e2:41",
                "rssi": -81
            },
            {
                "client": "2a:8d:63:a3:9c:3e",
                "rssi": -88
            },
            {
                "client": "56:4f:3d:d9:e5:88",
                "rssi": -89
            },
            {
                "client": "5a:03:76:f4:e2:a7",
                "rssi": -87
            },
            {
                "client": "5c:cb:99:02:71:04",
                "rssi": -80
            },
            {
                "client": "70:1f:3c:67:7b:bd",
                "rssi": -88
            },
            {
                "client": "76:90:a3:80:14:57",
                "rssi": -84
            },
            {
                "client": "92:21:02:c1:ab:18",
                "rssi": -89
            },
            {
                "channel_width": 2,
                "client": "94:8b:c1:42:0d:a5",
                "mimo": 0,
                "rssi": -90
            },
            {
                "client": "9e:f4:05:c6:ca:db",
                "rssi": -76
            },
            {
                "client": "be:1a:61:91:e5:0e",
                "rssi": -89
            },
            {
                "channel_width": 2,
                "client": "fc:de:90:89:61:09",
                "mimo": 0,
                "rssi": -88
            }
        ],
        "frame_channel": 1,
        "mimo": 0,
        "mode": 1,
        "pmf": false,
        "protocol": 13,
        "radiotap_channel": 1,
        "rssi": -88,
        "ssid": "T wifi zone_secure",
        "wps": false
    },
    {
        "auth": 3,
        "band": 1,
        "bssid": "c4:12:f5:63:7e:5c",
        "channel_width": 2,
        "cipher": 4,
        "clients": [
            {
                "channel_width": 1,
                "client": "88:53:2e:a8:70:e6",
                "mimo": 0,
                "rssi": -67
            },
            {
                "client": "c4:d9:87:6b:a5:2b",
                "rssi": -44
            }
        ],
        "frame_channel": 6,
        "mimo": 0,
        "mode": 1,
        "pmf": false,
        "protocol": 13,
        "radiotap_channel": 6,
        "rssi": -43,
        "ssid": "dlink-7E5C",
        "ssid_broadcast": true,
        "wps": true
    },
    {
        "auth": 3,
        "band": 1,
        "bssid": "06:c5:01:c9:0e:f0",
        "channel_width": 1,
        "cipher": 4,
        "clients": [],
        "frame_channel": 5,
        "mimo": 0,
        "mode": 1,
        "pmf": false,
        "protocol": 61,
        "radiotap_channel": 5,
        "rssi": -87,
        "ssid": "SECUI_ADM",
        "ssid_broadcast": true,
        "wps": false
    },
    {
        "auth": 3,
        "band": 1,
        "bssid": "3c:a3:15:06:71:d8",
        "channel_width": 2,
        "cipher": 4,
        "clients": [],
        "frame_channel": 11,
        "mimo": 0,
        "mode": 1,
        "pmf": false,
        "protocol": 13,
        "radiotap_channel": 11,
        "rssi": -66,
        "ssid": "QA_AC_2.4G",
        "ssid_broadcast": true,
        "wps": false
    },
    {
        "auth": 3,
        "band": 1,
        "bssid": "74:ee:2a:a7:0f:70",
        "channel_width": 2,
        "cipher": 4,
        "clients": [],
        "frame_channel": 1,
        "mimo": 0,
        "mode": 1,
        "pmf": false,
        "protocol": 13,
        "radiotap_channel": 1,
        "rssi": -88,
        "ssid": "BMWACE2.0",
        "wps": false
    },
    {
        "band": 1,
        "bssid": "24:d1:3f:15:60:c0",
        "channel_width": 1,
        "cipher": 1,
        "clients": [
            {
                "client": "72:49:8b:10:6e:79",
                "rssi": -85
            },
            {
                "client": "7a:09:8d:26:a4:56",
                "rssi": -86
            },
            {
                "client": "80:e4:da:81:70:ad",
                "rssi": -78
            },
            {
                "client": "c2:07:6a:10:3e:70",
                "rssi": -85
            },
            {
                "client": "d2:94:5d:35:df:91",
                "rssi": -89
            }
        ],
        "frame_channel": 1,
        "mimo": 2,
        "mode": 1,
        "pmf": false,
        "protocol": 29,
        "radiotap_channel": 1,
        "rssi": -89,
        "ssid": "Public WiFi Free_201",
        "wps": false
    },
    {
        "auth": 3,
        "band": 1,
        "bssid": "86:25:19:0e:3a:22",
        "channel_width": 1,
        "cipher": 4,
        "clients": [
            {
                "channel_width": 1,
                "client": "20:32:33:31:fc:ae",
                "mimo": 0,
                "rssi": -79
            },
            {
                "client": "de:29:17:a6:2f:0a",
                "rssi": -54
            }
        ],
        "frame_channel": 11,
        "mimo": 0,
        "mode": 1,
        "pmf": false,
        "protocol": 4,
        "radiotap_channel": 11,
        "rssi": -58,
        "ssid": "DIRECT-NwC140x Series",
        "ssid_broadcast": true,
        "wps": true
    },
    {
        "auth": 3,
        "band": 1,
        "bssid": "3c:67:fc:71:1c:68",
        "channel_width": 2,
        "cipher": 4,
        "clients": [
            {
                "channel_width": 1,
                "client": "20:32:33:31:fc:ae",
                "mimo": 0,
                "rssi": -79
            },
            {
                "client": "f2:fd:f4:9b:9b:3c",
                "rssi": -86
            }
        ],
        "frame_channel": 6,
        "mimo": 0,
        "mode": 1,
        "pmf": false,
        "protocol": 13,
        "radiotap_channel": 6,
        "rssi": -87,
        "ssid": "TADA-WiFi",
        "ssid_broadcast": true,
        "wps": false
    },
    {
        "auth": 3,
        "band": 1,
        "bssid": "72:5d:cc:c6:c9:6c",
        "channel_width": 2,
        "cipher": 4,
        "clients": [
            {
                "client": "34:41:5d:bd:43:72",
                "rssi": -78
            },
            {
                "channel_width": 1,
                "client": "e4:aa:ea:45:be:0f",
                "mimo": 0,
                "rssi": -88
            }
        ],
        "frame_channel": 1,
        "mimo": 0,
        "mode": 1,
        "pmf": false,
        "protocol": 13,
        "radiotap_channel": 1,
        "rssi": -84,
        "ssid": "SECUI_WORK2",
        "ssid_broadcast": true,
        "wps": true
    },
    {
        "band": 1,
        "bssid": "1c:bf:ce:2d:e5:21",
        "clients": [
            {
                "client": "92:47:37:e2:a5:85",
                "rssi": -88
            },
            {
                "channel_width": 1,
                "client": "d4:11:a3:be:25:cd",
                "mimo": 0,
                "rssi": -83
            }
        ]
    },
    {
        "auth": 3,
        "band": 1,
        "bssid": "90:9f:33:66:f7:c8",
        "channel_width": 1,
        "cipher": 4,
        "clients": [],
        "frame_channel": 13,
        "mimo": 0,
        "mode": 1,
        "pmf": false,
        "protocol": 13,
        "radiotap_channel": 13,
        "rssi": -48,
        "ssid": "AppTest(2.4G)",
        "ssid_broadcast": true,
        "wps": true
    },
    {
        "auth": 3,
        "band": 1,
        "bssid": "70:5d:cc:18:d8:fc",
        "channel_width": 2,
        "cipher": 4,
        "clients": [],
        "frame_channel": 11,
        "mimo": 0,
        "mode": 1,
        "pmf": false,
        "protocol": 13,
        "radiotap_channel": 11,
        "rssi": -61,
        "ssid": "QA_IPTIME_2.4G",
        "ssid_broadcast": true,
        "wps": true
    },
    {
        "auth": 3,
        "band": 1,
        "bssid": "2c:57:41:53:57:01",
        "channel_width": 1,
        "cipher": 4,
        "clients": [
            {
                "client": "6c:29:95:85:8b:12",
                "rssi": -66
            }
        ],
        "frame_channel": 11,
        "mimo": 0,
        "mode": 1,
        "pmf": false,
        "protocol": 45,
        "radiotap_channel": 11,
        "rssi": -69,
        "ssid": "QA@WLAN",
        "ssid_broadcast": true,
        "wps": false
    },
    {
        "auth": 3,
        "band": 1,
        "bssid": "28:6d:97:5a:86:2a",
        "channel_width": 1,
        "cipher": 4,
        "clients": [
            {
                "client": "08:3d:88:09:e5:c4",
                "rssi": -87
            },
            {
                "client": "4e:fc:de:e1:bf:5f",
                "rssi": -82
            },
            {
                "client": "50:50:a4:a8:84:ae",
                "rssi": -86
            },
            {
                "client": "52:2a:b9:09:73:cb",
                "rssi": -87
            },
            {
                "client": "8a:c7:27:70:d9:10",
                "rssi": -87
            },
            {
                "client": "8e:63:f2:9c:65:8c",
                "rssi": -89
            },
            {
                "client": "9e:03:72:dd:4a:21",
                "rssi": -76
            }
        ],
        "frame_channel": 1,
        "mimo": 0,
        "mode": 1,
        "pmf": false,
        "protocol": 13,
        "radiotap_channel": 1,
        "rssi": -88,
        "ssid": "[air purifier] Samsung",
        "ssid_broadcast": true,
        "wps": false
    },
    {
        "band": 1,
        "bssid": "1e:bd:ad:16:08:a3",
        "channel_width": 1,
        "cipher": 1,
        "clients": [
            {
                "channel_width": 1,
                "client": "20:32:33:33:22:34",
                "mimo": 0,
                "rssi": -73
            },
            {
                "client": "2a:3c:52:ad:3d:b6",
                "rssi": -89
            },
            {
                "client": "2e:12:ba:f2:fc:27",
                "rssi": -89
            },
            {
                "client": "3e:28:1f:0e:ea:0a",
                "rssi": -89
            },
            {
                "client": "3e:66:ea:d2:28:d7",
                "rssi": -88
            },
            {
                "client": "46:96:91:4d:3f:a9",
                "rssi": -89
            },
            {
                "client": "5a:5b:d7:6f:ed:08",
                "rssi": -89
            },
            {
                "client": "76:0a:55:f2:c4:cf",
                "rssi": -86
            },
            {
                "client": "82:04:85:5c:87:2c",
                "rssi": -88
            },
            {
                "client": "8e:4b:6f:67:24:b9",
                "rssi": -89
            },
            {
                "client": "90:9f:33:5d:b1:65",
                "rssi": -89
            },
            {
                "client": "9a:f2:29:a7:2d:fc",
                "rssi": -88
            },
            {
                "client": "a4:6c:f1:88:f2:b7",
                "rssi": -88
            },
            {
                "client": "b2:61:ad:ae:24:73",
                "rssi": -86
            },
            {
                "client": "be:a1:56:c8:e3:4f",
                "rssi": -89
            },
            {
                "client": "ea:c8:b2:7a:9f:3c",
                "rssi": -89
            },
            {
                "client": "fa:4e:1a:76:21:0b",
                "rssi": -84
            }
        ],
        "frame_channel": 1,
        "mimo": 0,
        "mode": 1,
        "pmf": false,
        "protocol": 13,
        "radiotap_channel": 1,
        "rssi": -89,
        "ssid": "T Free WiFi Zone",
        "ssid_broadcast": true,
        "wps": false
    },
    {
        "auth": 3,
        "band": 1,
        "bssid": "06:c5:01:c9:0f:00",
        "channel_width": 1,
        "cipher": 4,
        "clients": [
            {
                "client": "16:a8:74:b4:39:9d",
                "rssi": -69
            },
            {
                "channel_width": 1,
                "client": "32:32:0e:7d:dd:2a",
                "mimo": 0,
                "rssi": -88
            },
            {
                "client": "36:a5:a4:79:e9:22",
                "rssi": -79
            },
            {
                "channel_width": 2,
                "client": "4a:b7:d3:5a:42:83",
                "mimo": 0,
                "rssi": -88
            },
            {
                "channel_width": 1,
                "client": "7c:7a:53:02:64:2e",
                "mimo": 0,
                "rssi": -90
            },
            {
                "client": "ba:c7:43:dd:80:5e",
                "rssi": -78
            },
            {
                "channel_width": 1,
                "client": "ca:b3:39:17:15:a2",
                "mimo": 0,
                "rssi": -88
            },
            {
                "client": "d2:44:58:32:1b:c9",
                "rssi": -78
            },
            {
                "client": "d2:e4:b4:a1:2b:c7",
                "rssi": -77
            },
            {
                "client": "d4:e6:b7:ad:6b:63",
                "rssi": -78
            },
            {
                "channel_width": 1,
                "client": "da:c2:f1:8d:f6:09",
                "mimo": 0,
                "rssi": -88
            }
        ],
        "frame_channel": 9,
        "mimo": 0,
        "mode": 1,
        "pmf": false,
        "protocol": 61,
        "radiotap_channel": 9,
        "rssi": -74,
        "ssid": "SECUI_ADM",
        "wps": false
    },
    {
        "auth": 3,
        "band": 1,
        "bssid": "78:72:5d:91:34:10",
        "channel_width": 1,
        "cipher": 4,
        "clients": [
            {
                "client": "00:1a:ef:2d:cb:43",
                "rssi": -88
            },
            {
                "client": "02:00:00:00:00:00",
                "rssi": -88
            },
            {
                "client": "06:34:f0:63:4a:3c",
                "rssi": -85
            },
            {
                "client": "0e:b6:64:72:5b:50",
                "rssi": -88
            },
            {
                "client": "0e:fb:fe:55:32:5b",
                "rssi": -88
            },
            {
                "client": "16:89:b6:47:45:cc",
                "rssi": -88
            },
            {
                "client": "20:0d:b0:1e:98:a1",
                "rssi": -87
            },
            {
                "client": "20:3d:bd:7f:6c:ca",
                "rssi": -87
            },
            {
                "client": "20:3d:bd:7f:70:df",
                "rssi": -87
            },
            {
                "client": "20:3d:bd:a0:9b:00",
                "rssi": -88
            },
            {
                "client": "26:54:66:d1:59:ca",
                "rssi": -84
            },
            {
                "client": "2a:42:42:42:14:11",
                "rssi": -88
            },
            {
                "client": "32:5b:f3:a5:4f:58",
                "rssi": -87
            },
            {
                "client": "4a:80:40:c9:22:f1",
                "rssi": -85
            },
            {
                "client": "52:39:88:72:15:fd",
                "rssi": -89
            },
            {
                "channel_width": 1,
                "client": "56:90:5f:94:b0:e9",
                "mimo": 0,
                "rssi": -87
            },
            {
                "client": "56:d4:0f:71:26:06",
                "rssi": -88
            },
            {
                "client": "5a:57:82:0a:48:c4",
                "rssi": -88
            },
            {
                "client": "5e:5d:d1:46:33:25",
                "rssi": -89
            },
            {
                "client": "6a:5e:15:15:55:9a",
                "rssi": -87
            },
            {
                "client": "70:5d:cc:af:72:f9",
                "rssi": -88
            },
            {
                "client": "72:54:e9:0f:10:92",
                "rssi": -89
            },
            {
                "client": "72:83:69:5f:c4:fa",
                "rssi": -87
            },
            {
                "client": "7a:60:37:77:60:92",
                "rssi": -88
            },
            {
                "client": "7e:21:97:aa:90:2d",
                "rssi": -88
            },
            {
                "client": "80:8c:97:bd:a9:0c",
                "rssi": -87
            },
            {
                "client": "80:8c:97:be:0a:46",
                "rssi": -88
            },
            {
                "client": "86:be:f6:be:96:37",
                "rssi": -86
            },
            {
                "client": "86:d3:f1:6a:33:b1",
                "rssi": -88
            },
            {
                "client": "88:36:5f:b8:2d:61",
                "rssi": -88
            },
            {
                "channel_width": 2,
                "client": "94:8b:c1:42:0d:a5",
                "mimo": 0,
                "rssi": -90
            },
            {
                "client": "9a:41:44:98:66:d0",
                "rssi": -88
            },
            {
                "client": "9c:8d:7c:b7:47:0e",
                "rssi": -87
            },
            {
                "client": "a6:63:3b:72:27:ea",
                "rssi": -87
            },
            {
                "client": "a6:68:c8:19:50:8c",
                "rssi": -86
            },
            {
                "client": "b2:01:b2:9d:f5:94",
                "rssi": -88
            },
            {
                "client": "b2:19:7d:cc:d2:00",
                "rssi": -87
            },
            {
                "client": "b2:e8:35:5d:4e:5b",
                "rssi": -88
            },
            {
                "client": "b6:b6:d8:41:ff:ec",
                "rssi": -88
            },
            {
                "channel_width": 2,
                "client": "c0:97:27:33:ec:df",
                "mimo": 0,
                "rssi": -87
            },
            {
                "client": "c2:9e:33:47:1e:7f",
                "rssi": -85
            },
            {
                "client": "c6:69:90:2b:64:79",
                "rssi": -88
            },
            {
                "client": "c8:ff:28:23:7a:79",
                "rssi": -88
            },
            {
                "channel_width": 1,
                "client": "d4:11:a3:be:25:cd",
                "mimo": 0,
                "rssi": -83
            },
            {
                "client": "d6:7b:2c:65:ae:9f",
                "rssi": -88
            },
            {
                "client": "e2:69:07:bf:66:dd",
                "rssi": -86
            },
            {
                "client": "e6:a5:5d:df:74:b2",
                "rssi": -88
            },
            {
                "client": "ea:7b:a8:10:18:95",
                "rssi": -87
            }
        ],
        "frame_channel": 12,
        "mimo": 0,
        "mode": 1,
        "pmf": false,
        "protocol": 13,
        "radiotap_channel": 12,
        "rssi": -89,
        "ssid": "HPM_AP",
        "wps": false
    },
    {
        "band": 1,
        "bssid": "24:d1:3f:16:48:25",
        "clients": [],
        "frame_channel": 0,
        "mode": 1,
        "radiotap_channel": 6,
        "rssi": -86
    },
    {
        "band": 1,
        "bssid": "24:d1:3f:14:f0:b2",
        "channel_width": 1,
        "cipher": 1,
        "clients": [
            {
                "client": "80:35:c1:5a:01:a9",
                "rssi": -84
            },
            {
                "client": "f0:3e:90:37:9b:28",
                "rssi": -89
            }
        ],
        "frame_channel": 11,
        "mimo": 2,
        "mode": 1,
        "pmf": false,
        "protocol": 29,
        "radiotap_channel": 11,
        "rssi": -89,
        "ssid": "Public WiFi Free_9301",
        "wps": false
    },
    {
        "auth": 3,
        "band": 1,
        "bssid": "7e:f3:1b:41:0a:e2",
        "channel_width": 1,
        "cipher": 4,
        "clients": [
            {
                "client": "38:30:f9:0e:e6:9f",
                "rssi": -86
            }
        ],
        "frame_channel": 10,
        "mimo": 1,
        "mode": 1,
        "pmf": false,
        "protocol": 29,
        "radiotap_channel": 10,
        "rssi": -89,
        "ssid": "V50S ThinQ_2281",
        "ssid_broadcast": true,
        "wps": false
    },
    {
        "band": 1,
        "bssid": "24:d1:3f:15:57:fc",
        "channel_width": 1,
        "cipher": 1,
        "clients": [
            {
                "client": "5a:23:d6:0a:ef:e2",
                "rssi": -89
            },
            {
                "client": "d6:a9:79:d0:3e:02",
                "rssi": -88
            }
        ],
        "frame_channel": 6,
        "mimo": 2,
        "mode": 1,
        "pmf": false,
        "protocol": 29,
        "radiotap_channel": 6,
        "rssi": -88,
        "ssid": "Public WiFi Free_273",
        "wps": false
    },
    {
        "auth": 3,
        "band": 1,
        "bssid": "30:23:03:97:49:f1",
        "channel_width": 1,
        "cipher": 4,
        "clients": [
            {
                "client": "24:4b:03:80:15:43",
                "rssi": -83
            }
        ],
        "frame_channel": 7,
        "mimo": 1,
        "mode": 1,
        "pmf": false,
        "protocol": 29,
        "radiotap_channel": 7,
        "rssi": -84,
        "ssid": "QA_Velop_2.4G",
        "ssid_broadcast": true,
        "wps": true
    },
    {
        "auth": 3,
        "band": 1,
        "bssid": "86:25:19:a2:39:45",
        "channel_width": 1,
        "cipher": 4,
        "clients": [
            {
                "client": "94:e6:f7:4a:81:ed",
                "rssi": -85
            }
        ],
        "frame_channel": 11,
        "mimo": 0,
        "mode": 1,
        "pmf": false,
        "protocol": 4,
        "radiotap_channel": 11,
        "rssi": -86,
        "ssid": "DIRECT-nMC140x Series",
        "ssid_broadcast": true,
        "wps": true
    },
    {
        "band": 1,
        "bssid": "12:e3:c7:0a:75:71",
        "channel_width": 1,
        "cipher": 1,
        "clients": [
            {
                "client": "4c:24:98:d6:db:e8",
                "rssi": -91
            }
        ],
        "frame_channel": 13,
        "mimo": 2,
        "mode": 1,
        "pmf": false,
        "protocol": 29,
        "radiotap_channel": 13,
        "rssi": -89,
        "ssid": "T Free WiFi Zone",
        "ssid_broadcast": true,
        "wps": false
    },
    {
        "auth": 3,
        "band": 1,
        "bssid": "74:da:88:da:f3:3f",
        "channel_width": 2,
        "cipher": 4,
        "clients": [
            {
                "channel_width": 2,
                "client": "0c:7a:15:e3:1c:96",
                "mimo": 0,
                "rssi": -57
            },
            {
                "client": "88:36:6c:fb:87:a7",
                "rssi": -83
            }
        ],
        "frame_channel": 7,
        "mimo": 0,
        "mode": 1,
        "pmf": false,
        "protocol": 13,
        "radiotap_channel": 7,
        "rssi": -37,
        "ssid": "PublicWifi@BUS_free_7777",
        "ssid_broadcast": true,
        "wps": true
    },
    {
        "auth": 3,
        "band": 1,
        "bssid": "28:6d:97:83:8a:61",
        "channel_width": 1,
        "cipher": 4,
        "clients": [
            {
                "client": "3c:f0:11:bd:fb:50",
                "rssi": -90
            },
            {
                "client": "80:03:84:36:d0:38",
                "rssi": -89
            },
            {
                "client": "80:8c:97:be:0a:46",
                "rssi": -88
            },
            {
                "client": "9a:8d:0d:2e:a3:c8",
                "rssi": -89
            },
            {
                "client": "b2:a3:1b:cb:24:92",
                "rssi": -86
            },
            {
                "client": "b4:b6:76:ac:8d:1b",
                "rssi": -88
            }
        ],
        "frame_channel": 1,
        "mimo": 0,
        "mode": 1,
        "pmf": false,
        "protocol": 13,
        "radiotap_channel": 1,
        "rssi": -88,
        "ssid": "[air purifier] Samsung",
        "ssid_broadcast": true,
        "wps": false
    },
    {
        "band": 1,
        "bssid": "aa:12:d3:2b:3b:09",
        "clients": [],
        "frame_channel": 0,
        "mode": 1,
        "radiotap_channel": 8,
        "rssi": -89
    },
    {
        "auth": 3,
        "band": 1,
        "bssid": "58:d9:d5:cb:13:71",
        "channel_width": 2,
        "cipher": 4,
        "clients": [],
        "frame_channel": 3,
        "mimo": 0,
        "mode": 1,
        "pmf": false,
        "protocol": 13,
        "radiotap_channel": 3,
        "rssi": -87,
        "ssid": "HSGRP02",
        "ssid_broadcast": true,
        "wps": true
    },
    {
        "band": 1,
        "bssid": "1e:bd:ad:14:45:a3",
        "channel_width": 1,
        "cipher": 1,
        "clients": [
            {
                "channel_width": 1,
                "client": "20:32:33:33:22:34",
                "mimo": 0,
                "rssi": -73
            },
            {
                "client": "46:02:68:2b:bc:4d",
                "rssi": -89
            },
            {
                "client": "46:21:2d:e5:fe:d4",
                "rssi": -88
            },
            {
                "client": "52:bf:d5:28:cb:4f",
                "rssi": -89
            },
            {
                "client": "5a:d5:48:16:47:0d",
                "rssi": -90
            },
            {
                "client": "5e:4f:52:5d:a0:9d",
                "rssi": -88
            },
            {
                "client": "64:7b:ce:ed:e2:32",
                "rssi": -90
            },
            {
                "client": "66:d0:45:b5:f9:7b",
                "rssi": -89
            },
            {
                "client": "7a:aa:3a:29:17:35",
                "rssi": -90
            },
            {
                "client": "7a:d4:b4:ee:14:ee",
                "rssi": -87
            },
            {
                "client": "7a:f7:b1:5c:9d:16",
                "rssi": -87
            },
            {
                "channel_width": 1,
                "client": "7c:7a:53:02:65:7e",
                "mimo": 0,
                "rssi": -76
            },
            {
                "client": "86:c5:26:22:42:45",
                "rssi": -87
            },
            {
                "client": "8a:3a:18:ee:de:ec",
                "rssi": -89
            },
            {
                "client": "a2:0e:8b:38:60:51",
                "rssi": -89
            },
            {
                "client": "b2:8c:43:6e:ab:4a",
                "rssi": -88
            },
            {
                "client": "c2:58:b9:62:8f:df",
                "rssi": -88
            },
            {
                "client": "e6:09:69:d1:8e:3b",
                "rssi": -89
            },
            {
                "client": "fe:36:51:3e:f5:97",
                "rssi": -89
            }
        ],
        "frame_channel": 1,
        "mimo": 0,
        "mode": 1,
        "pmf": false,
        "protocol": 13,
        "radiotap_channel": 1,
        "rssi": -88,
        "ssid": "T Free WiFi Zone",
        "ssid_broadcast": true,
        "wps": false
    },
    {
        "band": 1,
        "bssid": "24:d1:3f:15:68:be",
        "channel_width": 1,
        "cipher": 1,
        "clients": [],
        "frame_channel": 6,
        "mimo": 2,
        "mode": 1,
        "pmf": false,
        "protocol": 29,
        "radiotap_channel": 6,
        "rssi": -88,
        "ssid": "Public WiFi Free_470",
        "ssid_broadcast": true,
        "wps": false
    },
    {
        "auth": 3,
        "band": 1,
        "bssid": "34:cc:28:01:83:99",
        "channel_width": 1,
        "cipher": 4,
        "clients": [
            {
                "client": "3a:76:07:e1:a7:af",
                "rssi": -88
            }
        ],
        "frame_channel": 11,
        "mimo": 0,
        "mode": 1,
        "pmf": false,
        "protocol": 13,
        "radiotap_channel": 11,
        "rssi": -88,
        "ssid": "ktEgg_532",
        "wps": true
    },
    {
        "band": 1,
        "bssid": "d8:19:ce:03:23:49",
        "clients": [
            {
                "client": "5e:9e:88:c8:84:7b",
                "rssi": -88
            }
        ],
        "frame_channel": 0,
        "mode": 1,
        "radiotap_channel": 11,
        "rssi": -88
    },
    {
        "band": 1,
        "bssid": "7c:7a:53:02:64:2e",
        "clients": [
            {
                "client": "5a:d2:f7:71:ac:72",
                "rssi": -87
            }
        ]
    },
    {
        "auth": 3,
        "band": 1,
        "bssid": "32:cd:a7:2e:f1:37",
        "channel_width": 1,
        "cipher": 4,
        "clients": [],
        "frame_channel": 11,
        "mimo": 0,
        "mode": 1,
        "pmf": false,
        "protocol": 4,
        "radiotap_channel": 11,
        "rssi": -82,
        "ssid": "DIRECT-SnC140x Series",
        "ssid_broadcast": true,
        "wps": true
    },
    {
        "auth": 2,
        "band": 1,
        "bssid": "1e:bd:ad:14:45:a2",
        "channel_width": 1,
        "cipher": 4,
        "clients": [
            {
                "client": "02:a6:a7:4c:eb:8f",
                "rssi": -88
            },
            {
                "client": "08:ae:d6:17:08:27",
                "rssi": -88
            },
            {
                "client": "12:fd:40:8a:0d:73",
                "rssi": -85
            },
            {
                "client": "26:01:98:55:c0:85",
                "rssi": -88
            },
            {
                "client": "42:7a:d4:5f:12:13",
                "rssi": -89
            },
            {
                "client": "4a:94:a5:1e:57:df",
                "rssi": -87
            },
            {
                "client": "50:77:05:cf:02:10",
                "rssi": -90
            },
            {
                "client": "52:94:0e:8c:35:6d",
                "rssi": -87
            },
            {
                "client": "5c:cb:99:84:c0:9d",
                "rssi": -89
            },
            {
                "client": "6e:c6:40:db:3d:2d",
                "rssi": -89
            },
            {
                "client": "72:26:50:93:6d:51",
                "rssi": -88
            },
            {
                "client": "72:89:e3:59:15:b3",
                "rssi": -89
            },
            {
                "client": "78:46:d4:1f:72:91",
                "rssi": -86
            },
            {
                "client": "94:8b:c1:c7:e6:b6",
                "rssi": -90
            },
            {
                "client": "aa:af:be:d6:66:13",
                "rssi": -91
            }
        ],
        "frame_channel": 1,
        "mimo": 0,
        "mode": 1,
        "pmf": false,
        "protocol": 13,
        "radiotap_channel": 1,
        "rssi": -89,
        "ssid": "T wifi zone_secure",
        "wps": false
    },
    {
        "band": 1,
        "bssid": "7c:7a:53:02:65:7e",
        "channel_width": 1,
        "cipher": 2,
        "clients": [
            {
                "client": "b6:2a:f0:76:96:0f",
                "rssi": -87
            }
        ],
        "frame_channel": 13,
        "mimo": 0,
        "mode": 1,
        "pmf": false,
        "protocol": 5,
        "radiotap_channel": 13,
        "rssi": -89,
        "ssid": "wifidtg_213",
        "ssid_broadcast": true,
        "wps": false
    },
    {
        "band": 1,
        "bssid": "02:e3:c7:0a:82:5f",
        "clients": [
            {
                "client": "74:eb:80:a6:d9:56",
                "rssi": -88
            }
        ],
        "frame_channel": 0,
        "mode": 1,
        "radiotap_channel": 13,
        "rssi": -88
    },
    {
        "auth": 3,
        "band": 1,
        "bssid": "70:5d:cc:0b:7d:d4",
        "channel_width": 2,
        "cipher": 4,
        "clients": [
            {
                "client": "62:87:0a:b8:a8:22",
                "rssi": -88
            },
            {
                "client": "82:be:13:55:94:8a",
                "rssi": -87
            },
            {
                "client": "a2:33:a9:f9:e4:9c",
                "rssi": -87
            },
            {
                "channel_width": 2,
                "client": "b6:93:2e:2e:cb:6b",
                "mimo": 2,
                "rssi": -91
            },
            {
                "client": "be:58:e9:c8:2d:a8",
                "rssi": -79
            },
            {
                "client": "e6:a5:94:cc:ae:59",
                "rssi": -88
            }
        ],
        "frame_channel": 13,
        "mimo": 0,
        "mode": 1,
        "pmf": false,
        "protocol": 13,
        "radiotap_channel": 13,
        "rssi": -87,
        "ssid": "op",
        "wps": true
    },
    {
        "band": 1,
        "bssid": "24:d1:3f:14:f5:50",
        "clients": [
            {
                "channel_width": 1,
                "client": "7c:7a:53:02:64:2e",
                "mimo": 0,
                "rssi": -90
            },
            {
                "channel_width": 2,
                "client": "94:8b:c1:42:0d:a5",
                "mimo": 0,
                "rssi": -90
            }
        ]
    },
    {
        "auth": 3,
        "band": 1,
        "bssid": "06:c5:01:c9:0e:d0",
        "channel_width": 1,
        "cipher": 4,
        "clients": [
            {
                "client": "62:3e:2f:4b:72:05",
                "rssi": -69
            }
        ],
        "frame_channel": 13,
        "mimo": 0,
        "mode": 1,
        "pmf": false,
        "protocol": 61,
        "radiotap_channel": 13,
        "rssi": -67,
        "ssid": "SECUI_ADM",
        "ssid_broadcast": true,
        "wps": false
    },
    {
        "band": 1,
        "bssid": "18:bd:ad:16:08:a0",
        "channel_width": 1,
        "cipher": 1,
        "clients": [
            {
                "client": "42:dc:cb:61:6b:97",
                "rssi": -90
            },
            {
                "client": "4a:c9:79:c1:26:1b",
                "rssi": -88
            },
            {
                "client": "62:34:cf:97:b5:e3",
                "rssi": -89
            },
            {
                "client": "66:f3:ba:71:f3:d4",
                "rssi": -89
            },
            {
                "client": "7a:7b:d8:90:5f:e3",
                "rssi": -72
            },
            {
                "client": "b6:93:16:66:91:eb",
                "rssi": -89
            },
            {
                "client": "e2:53:e0:34:c4:ae",
                "rssi": -88
            },
            {
                "client": "f6:1e:62:0b:ef:58",
                "rssi": -88
            }
        ],
        "frame_channel": 1,
        "mimo": 0,
        "mode": 1,
        "pmf": false,
        "protocol": 13,
        "radiotap_channel": 1,
        "rssi": -82,
        "ssid": "T wifi zone",
        "ssid_broadcast": true,
        "wps": false
    },
    {
        "auth": 3,
        "band": 1,
        "bssid": "2c:57:41:53:57:00",
        "channel_width": 1,
        "cipher": 4,
        "clients": [
            {
                "client": "6c:29:95:85:8b:12",
                "rssi": -66
            }
        ],
        "frame_channel": 11,
        "mimo": 0,
        "mode": 1,
        "pmf": false,
        "protocol": 45,
        "radiotap_channel": 11,
        "rssi": -70,
        "ssid": "testtest",
        "ssid_broadcast": true,
        "wps": false
    },
    {
        "auth": 3,
        "band": 1,
        "bssid": "00:26:66:54:16:02",
        "channel_width": 2,
        "cipher": 4,
        "clients": [
            {
                "channel_width": 1,
                "client": "20:32:33:31:fc:ae",
                "mimo": 0,
                "rssi": -79
            }
        ],
        "frame_channel": 11,
        "mimo": 0,
        "mode": 1,
        "pmf": false,
        "protocol": 13,
        "radiotap_channel": 11,
        "rssi": -50,
        "ssid": "SSLVPNTEST-BRIDGE",
        "ssid_broadcast": true,
        "wps": true
    },
    {
        "band": 1,
        "bssid": "88:36:6c:a0:84:f0",
        "channel_width": 1,
        "cipher": 2,
        "clients": [
            {
                "client": "00:db:df:cb:f5:4d",
                "rssi": -49
            }
        ],
        "frame_channel": 2,
        "mimo": 0,
        "mode": 1,
        "pmf": false,
        "protocol": 5,
        "radiotap_channel": 2,
        "rssi": -51,
        "ssid": "CC_TEST_2G_wep",
        "ssid_broadcast": true,
        "wps": true
    },
    {
        "auth": 3,
        "band": 1,
        "bssid": "32:cd:a7:c8:46:ff",
        "channel_width": 1,
        "cipher": 4,
        "clients": [],
        "frame_channel": 11,
        "mimo": 0,
        "mode": 1,
        "pmf": false,
        "protocol": 4,
        "radiotap_channel": 11,
        "rssi": -57,
        "ssid": "DIRECT-0YC140x Series",
        "ssid_broadcast": true,
        "wps": true
    },
    {
        "band": 1,
        "bssid": "00:30:0d:9d:50:80",
        "clients": [
            {
                "client": "32:0e:93:2b:5e:77",
                "rssi": -86
            }
        ],
        "frame_channel": 0,
        "mode": 1,
        "radiotap_channel": 1,
        "rssi": -87
    },
    {
        "band": 1,
        "bssid": "a2:4f:85:3a:86:17",
        "channel_width": 1,
        "cipher": 1,
        "clients": [
            {
                "client": "66:54:46:f1:08:31",
                "rssi": -86
            }
        ],
        "frame_channel": 11,
        "mimo": 1,
        "mode": 1,
        "pmf": false,
        "protocol": 29,
        "radiotap_channel": 11,
        "rssi": -86,
        "ssid": "",
        "ssid_broadcast": true,
        "wps": false
    },
    {
        "auth": 3,
        "band": 1,
        "bssid": "04:d9:f5:fb:6c:90",
        "channel_width": 2,
        "cipher": 4,
        "clients": [],
        "frame_channel": 11,
        "mimo": 2,
        "mode": 1,
        "pmf": false,
        "protocol": 61,
        "radiotap_channel": 11,
        "rssi": -49,
        "ssid": "ASUS_SECUI2_2.4G",
        "ssid_broadcast": true,
        "wps": true
    },
    {
        "band": 1,
        "bssid": "1e:bd:ad:14:46:22",
        "clients": [
            {
                "client": "02:8b:9b:3a:db:78",
                "rssi": -87
            },
            {
                "client": "0a:38:94:2b:9c:4e",
                "rssi": -87
            },
            {
                "client": "0a:79:a8:6c:70:3d",
                "rssi": -86
            },
            {
                "client": "12:cc:3d:ce:f9:23",
                "rssi": -76
            },
            {
                "client": "1e:67:b3:2d:33:3f",
                "rssi": -83
            },
            {
                "channel_width": 1,
                "client": "20:32:33:31:fc:ae",
                "mimo": 0,
                "rssi": -79
            },
            {
                "channel_width": 1,
                "client": "20:32:33:33:22:34",
                "mimo": 0,
                "rssi": -73
            },
            {
                "client": "26:1a:be:6f:78:38",
                "rssi": -88
            },
            {
                "client": "2a:50:19:b7:5b:d5",
                "rssi": -87
            },
            {
                "client": "36:d9:15:bb:9a:d3",
                "rssi": -89
            },
            {
                "client": "50:77:05:cf:02:10",
                "rssi": -90
            },
            {
                "client": "5c:cb:99:5b:6c:41",
                "rssi": -88
            },
            {
                "client": "6c:dd:bc:c4:88:25",
                "rssi": -82
            },
            {
                "client": "6e:c6:40:db:3d:2d",
                "rssi": -89
            },
            {
                "client": "78:46:d4:9c:82:f1",
                "rssi": -84
            },
            {
                "channel_width": 1,
                "client": "7c:7a:53:02:64:2e",
                "mimo": 0,
                "rssi": -90
            },
            {
                "channel_width": 1,
                "client": "7c:f3:1b:d8:02:a7",
                "mimo": 0,
                "rssi": -87
            },
            {
                "client": "7e:0b:a2:35:96:2a",
                "rssi": -76
            },
            {
                "client": "8e:1c:77:9a:a6:9b",
                "rssi": -78
            },
            {
                "client": "92:59:3e:7c:c7:a2",
                "rssi": -87
            },
            {
                "client": "a8:2b:b9:c7:51:b2",
                "rssi": -81
            },
            {
                "client": "aa:36:9d:51:60:e1",
                "rssi": -88
            },
            {
                "client": "b6:29:1c:0d:57:1d",
                "rssi": -89
            },
            {
                "client": "ba:7e:b1:23:e0:2d",
                "rssi": -88
            },
            {
                "client": "be:3f:20:87:31:ea",
                "rssi": -88
            },
            {
                "client": "c0:3d:03:3f:c3:75",
                "rssi": -88
            },
            {
                "channel_width": 1,
                "client": "d4:11:a3:be:25:cd",
                "mimo": 0,
                "rssi": -83
            },
            {
                "client": "d6:93:9e:ae:01:3a",
                "rssi": -86
            },
            {
                "client": "da:a1:19:d8:87:07",
                "rssi": -87
            },
            {
                "client": "de:4b:bc:f6:3f:19",
                "rssi": -88
            },
            {
                "client": "de:ac:1a:1c:55:cc",
                "rssi": -86
            },
            {
                "client": "e0:d0:83:73:20:79",
                "rssi": -81
            },
            {
                "client": "f6:c7:00:5f:17:c2",
                "rssi": -88
            },
            {
                "client": "fa:10:2c:52:13:ae",
                "rssi": -76
            }
        ],
        "frame_channel": 0,
        "mode": 1,
        "radiotap_channel": 1,
        "rssi": -83
    },
    {
        "auth": 3,
        "band": 1,
        "bssid": "00:23:aa:e6:62:9a",
        "channel_width": 1,
        "cipher": 4,
        "clients": [
            {
                "client": "02:92:74:7b:12:8c",
                "rssi": -89
            },
            {
                "client": "12:23:ca:e9:9d:4e",
                "rssi": -88
            }
        ],
        "frame_channel": 11,
        "mimo": 0,
        "mode": 1,
        "pmf": false,
        "protocol": 13,
        "radiotap_channel": 11,
        "rssi": -88,
        "ssid": "SK_WiFiGIGA6298",
        "ssid_broadcast": true,
        "wps": true
    },
    {
        "auth": 3,
        "band": 1,
        "bssid": "3c:a3:15:09:92:20",
        "channel_width": 2,
        "cipher": 4,
        "clients": [],
        "frame_channel": 5,
        "mimo": 0,
        "mode": 1,
        "pmf": false,
        "protocol": 13,
        "radiotap_channel": 5,
        "rssi": -88,
        "ssid": "Valid_2.4G",
        "ssid_broadcast": true,
        "wps": false
    },
    {
        "band": 1,
        "bssid": "1e:bd:ad:15:fc:c3",
        "channel_width": 1,
        "cipher": 1,
        "clients": [
            {
                "client": "06:3b:58:a5:bf:73",
                "rssi": -83
            },
            {
                "client": "0a:b2:84:c5:e5:bd",
                "rssi": -86
            },
            {
                "channel_width": 1,
                "client": "20:32:33:31:fc:ae",
                "mimo": 0,
                "rssi": -79
            },
            {
                "channel_width": 1,
                "client": "20:32:33:33:22:34",
                "mimo": 0,
                "rssi": -73
            },
            {
                "client": "2a:a6:74:d6:96:0d",
                "rssi": -88
            },
            {
                "client": "2a:a9:33:83:b1:57",
                "rssi": -88
            },
            {
                "client": "2e:49:69:61:18:71",
                "rssi": -87
            },
            {
                "client": "2e:f2:ae:d4:f4:90",
                "rssi": -89
            },
            {
                "client": "30:fc:eb:4f:01:2e",
                "rssi": -88
            },
            {
                "client": "36:60:ea:53:14:7f",
                "rssi": -89
            },
            {
                "client": "42:5b:dc:95:5b:a8",
                "rssi": -88
            },
            {
                "client": "5a:bb:34:a5:04:1f",
                "rssi": -89
            },
            {
                "client": "62:6e:68:dc:32:ed",
                "rssi": -83
            },
            {
                "client": "6a:89:76:fa:cd:ed",
                "rssi": -88
            },
            {
                "client": "7a:7e:77:c8:ad:cc",
                "rssi": -88
            },
            {
                "client": "7a:7f:a0:b5:89:45",
                "rssi": -77
            },
            {
                "channel_width": 1,
                "client": "7c:7a:53:02:64:2e",
                "mimo": 0,
                "rssi": -90
            },
            {
                "client": "7e:f5:7e:71:1c:c3",
                "rssi": -89
            },
            {
                "client": "92:15:6f:6a:f7:70",
                "rssi": -88
            },
            {
                "client": "94:8b:c1:69:ad:08",
                "rssi": -88
            },
            {
                "client": "9a:06:37:d8:93:02",
                "rssi": -87
            },
            {
                "client": "9e:20:41:ab:85:67",
                "rssi": -89
            },
            {
                "client": "9e:a4:55:03:dd:15",
                "rssi": -89
            },
            {
                "client": "aa:ad:5e:e4:fb:10",
                "rssi": -87
            },
            {
                "client": "ae:f6:f7:89:4f:4f",
                "rssi": -82
            },
            {
                "client": "b0:6f:e0:aa:e4:e0",
                "rssi": -86
            },
            {
                "client": "bc:a5:8b:8d:a2:6b",
                "rssi": -89
            },
            {
                "client": "be:c7:32:72:1a:9c",
                "rssi": -87
            },
            {
                "client": "d6:ef:f5:27:d0:72",
                "rssi": -88
            },
            {
                "client": "de:29:1f:e8:2b:d6",
                "rssi": -76
            },
            {
                "client": "ee:99:f5:67:db:8a",
                "rssi": -82
            },
            {
                "client": "f2:4f:d9:7f:b2:20",
                "rssi": -87
            },
            {
                "client": "f8:e6:1a:bc:8c:ca",
                "rssi": -77
            },
            {
                "client": "fa:db:49:23:18:78",
                "rssi": -87
            },
            {
                "client": "fe:75:3e:d0:dd:ef",
                "rssi": -78
            }
        ],
        "frame_channel": 1,
        "mimo": 0,
        "mode": 1,
        "pmf": false,
        "protocol": 13,
        "radiotap_channel": 1,
        "rssi": -89,
        "ssid": "T Free WiFi Zone",
        "ssid_broadcast": true,
        "wps": false
    },
    {
        "band": 1,
        "bssid": "18:bd:ad:14:45:a0",
        "channel_width": 1,
        "cipher": 1,
        "clients": [
            {
                "client": "1e:fc:be:96:9c:28",
                "rssi": -86
            },
            {
                "channel_width": 1,
                "client": "20:32:33:31:fc:ae",
                "mimo": 0,
                "rssi": -79
            },
            {
                "client": "6e:c6:40:db:3d:2d",
                "rssi": -89
            },
            {
                "client": "72:a9:cf:46:3c:8e",
                "rssi": -84
            },
            {
                "client": "76:a1:ce:07:aa:95",
                "rssi": -85
            },
            {
                "client": "b2:44:5b:62:76:3d",
                "rssi": -89
            },
            {
                "channel_width": 2,
                "client": "ba:25:1d:d2:f3:96",
                "mimo": 2,
                "rssi": -89
            }
        ],
        "frame_channel": 1,
        "mimo": 0,
        "mode": 1,
        "pmf": false,
        "protocol": 13,
        "radiotap_channel": 1,
        "rssi": -81,
        "ssid": "T wifi zone",
        "ssid_broadcast": true,
        "wps": false
    },
    {
        "band": 1,
        "bssid": "00:25:a6:a1:a7:36",
        "clients": [],
        "frame_channel": 0,
        "mode": 1,
        "radiotap_channel": 5,
        "rssi": -81
    },
    {
        "band": 1,
        "bssid": "18:bd:ad:14:46:20",
        "channel_width": 1,
        "cipher": 1,
        "clients": [
            {
                "channel_width": 2,
                "client": "0c:2f:b0:e0:97:64",
                "mimo": 0,
                "rssi": -88
            },
            {
                "client": "1e:5c:e6:e6:b0:ea",
                "rssi": -77
            },
            {
                "channel_width": 1,
                "client": "20:32:33:31:fc:ae",
                "mimo": 0,
                "rssi": -79
            },
            {
                "channel_width": 1,
                "client": "20:32:33:33:22:34",
                "mimo": 0,
                "rssi": -73
            },
            {
                "client": "3a:ce:4b:e5:69:f6",
                "rssi": -86
            },
            {
                "client": "4e:d4:4b:5f:3c:e8",
                "rssi": -87
            },
            {
                "client": "5a:6a:81:5f:7d:e4",
                "rssi": -87
            },
            {
                "client": "62:3e:db:77:27:30",
                "rssi": -79
            },
            {
                "channel_width": 1,
                "client": "6a:aa:77:31:c5:f3",
                "mimo": 0,
                "rssi": -89
            },
            {
                "client": "6c:00:6b:50:96:21",
                "rssi": -88
            },
            {
                "client": "6e:c6:40:db:3d:2d",
                "rssi": -89
            },
            {
                "client": "7a:3e:14:02:6b:f4",
                "rssi": -77
            },
            {
                "channel_width": 1,
                "client": "7c:7a:53:02:64:2e",
                "mimo": 0,
                "rssi": -90
            },
            {
                "channel_width": 2,
                "client": "94:8b:c1:42:0d:a5",
                "mimo": 0,
                "rssi": -90
            },
            {
                "client": "9e:b9:6b:3d:c2:2c",
                "rssi": -90
            },
            {
                "client": "ba:4e:2e:fe:39:c2",
                "rssi": -87
            },
            {
                "client": "c2:35:9a:d1:69:1d",
                "rssi": -88
            },
            {
                "client": "d4:e6:b7:78:29:09",
                "rssi": -88
            },
            {
                "client": "da:4a:57:a0:81:5e",
                "rssi": -89
            }
        ],
        "frame_channel": 1,
        "mimo": 0,
        "mode": 1,
        "pmf": false,
        "protocol": 13,
        "radiotap_channel": 1,
        "rssi": -86,
        "ssid": "T wifi zone",
        "wps": false
    },
    {
        "auth": 3,
        "band": 1,
        "bssid": "06:c5:01:c9:0e:d1",
        "channel_width": 1,
        "cipher": 4,
        "clients": [
            {
                "client": "32:39:3b:94:3c:f1",
                "rssi": -69
            },
            {
                "client": "3a:b0:cf:3f:27:07",
                "rssi": -69
            },
            {
                "client": "66:98:c7:8b:d9:cd",
                "rssi": -69
            },
            {
                "client": "6e:6e:4d:73:65:de",
                "rssi": -69
            },
            {
                "client": "70:c9:4e:8d:e9:41",
                "rssi": -57
            }
        ],
        "frame_channel": 13,
        "mimo": 0,
        "mode": 1,
        "pmf": false,
        "protocol": 61,
        "radiotap_channel": 13,
        "rssi": -68,
        "ssid": "SECUI_GUEST",
        "ssid_broadcast": true,
        "wps": false
    },
    {
        "auth": 3,
        "band": 1,
        "bssid": "88:36:6c:32:ed:a4",
        "channel_width": 2,
        "cipher": 4,
        "clients": [
            {
                "client": "64:1c:ae:5f:0f:f7",
                "rssi": -88
            }
        ],
        "frame_channel": 8,
        "mimo": 0,
        "mode": 1,
        "pmf": false,
        "protocol": 13,
        "radiotap_channel": 8,
        "rssi": -88,
        "ssid": "KMB-MS",
        "wps": true
    },
    {
        "auth": 3,
        "band": 1,
        "bssid": "28:6d:97:5a:3a:cd",
        "channel_width": 1,
        "cipher": 4,
        "clients": [
            {
                "client": "4a:73:ff:11:43:ef",
                "rssi": -91
            },
            {
                "client": "4c:1d:96:cb:63:17",
                "rssi": -90
            },
            {
                "client": "94:8b:c1:e2:52:e0",
                "rssi": -88
            }
        ],
        "frame_channel": 1,
        "mimo": 0,
        "mode": 1,
        "pmf": false,
        "protocol": 13,
        "radiotap_channel": 1,
        "rssi": -89,
        "ssid": "[air purifier] Samsung",
        "ssid_broadcast": true,
        "wps": false
    },
    {
        "band": 1,
        "bssid": "90:9f:33:d2:a6:46",
        "clients": [],
        "frame_channel": 0,
        "mode": 1,
        "radiotap_channel": 3,
        "rssi": -88
    },
    {
        "auth": 3,
        "band": 1,
        "bssid": "06:c5:01:c9:0f:21",
        "channel_width": 1,
        "cipher": 4,
        "clients": [
            {
                "client": "1e:e2:b8:42:3f:a5",
                "rssi": -83
            }
        ],
        "frame_channel": 1,
        "mimo": 0,
        "mode": 1,
        "pmf": false,
        "protocol": 61,
        "radiotap_channel": 1,
        "rssi": -85,
        "ssid": "SECUI_GUEST",
        "ssid_broadcast": true,
        "wps": false
    },
    {
        "auth": 3,
        "band": 1,
        "bssid": "06:c5:01:c9:0e:f1",
        "channel_width": 1,
        "cipher": 4,
        "clients": [
            {
                "client": "fe:11:0b:3e:98:7f",
                "rssi": -84
            }
        ],
        "frame_channel": 5,
        "mimo": 0,
        "mode": 1,
        "pmf": false,
        "protocol": 61,
        "radiotap_channel": 5,
        "rssi": -86,
        "ssid": "SECUI_GUEST",
        "ssid_broadcast": true,
        "wps": false
    },
    {
        "band": 1,
        "bssid": "d8:61:62:37:b9:63",
        "clients": [
            {
                "client": "e4:fa:ed:c4:37:42",
                "rssi": -88
            }
        ],
        "frame_channel": 0,
        "mode": 1,
        "radiotap_channel": 11,
        "rssi": -88
    },
    {
        "auth": 3,
        "band": 1,
        "bssid": "3c:37:86:cd:0e:44",
        "channel_width": 1,
        "cipher": 4,
        "clients": [
            {
                "channel_width": 2,
                "client": "00:c2:c6:dd:65:3a",
                "mimo": 0,
                "rssi": -69
            },
            {
                "client": "00:db:df:cb:f5:4d",
                "rssi": -49
            },
            {
                "channel_width": 1,
                "client": "20:32:33:31:fc:ae",
                "mimo": 0,
                "rssi": -79
            },
            {
                "client": "48:5a:b6:74:f6:05",
                "rssi": -48
            },
            {
                "client": "d8:3b:bf:52:47:2a",
                "rssi": -63
            }
        ],
        "frame_channel": 1,
        "mimo": 0,
        "mode": 1,
        "pmf": false,
        "protocol": 13,
        "radiotap_channel": 1,
        "rssi": -53,
        "ssid": "SSLVPNTEST-NIGHTMARE",
        "ssid_broadcast": true,
        "wps": true
    },
    {
        "band": 1,
        "bssid": "7c:7a:53:02:6a:10",
        "channel_width": 1,
        "cipher": 2,
        "clients": [],
        "frame_channel": 1,
        "mimo": 0,
        "mode": 1,
        "pmf": false,
        "protocol": 5,
        "radiotap_channel": 10,
        "rssi": -85,
        "ssid": "daejinwifi-70",
        "ssid_broadcast": true,
        "wps": false
    },
    {
        "band": 1,
        "bssid": "3c:67:fc:71:1c:9d",
        "clients": [
            {
                "client": "92:47:37:e2:a5:85",
                "rssi": -88
            }
        ]
    },
    {
        "auth": 3,
        "band": 1,
        "bssid": "06:c5:01:c9:0f:01",
        "channel_width": 1,
        "cipher": 4,
        "clients": [
            {
                "client": "02:e7:84:6f:be:ab",
                "rssi": -78
            },
            {
                "client": "1a:2e:25:9a:23:58",
                "rssi": -78
            },
            {
                "client": "30:10:b3:b0:3f:f5",
                "rssi": -78
            },
            {
                "client": "30:fc:eb:42:e4:b1",
                "rssi": -78
            },
            {
                "client": "42:a1:88:7e:74:5f",
                "rssi": -78
            },
            {
                "client": "46:ca:97:12:8a:b3",
                "rssi": -79
            },
            {
                "channel_width": 2,
                "client": "5e:0e:52:af:d0:a0",
                "mimo": 2,
                "rssi": -88
            },
            {
                "client": "62:47:ec:26:e8:ed",
                "rssi": -78
            },
            {
                "client": "64:7b:ce:fb:b0:f4",
                "rssi": -88
            },
            {
                "channel_width": 1,
                "client": "7c:7a:53:02:6c:1d",
                "mimo": 0,
                "rssi": -87
            },
            {
                "client": "7e:b2:10:b1:0a:3c",
                "rssi": -78
            },
            {
                "client": "7e:e3:a5:24:20:5d",
                "rssi": -76
            },
            {
                "channel_width": 1,
                "client": "82:8d:01:99:ff:dd",
                "mimo": 0,
                "rssi": -86
            },
            {
                "client": "86:9c:80:a3:42:d1",
                "rssi": -78
            },
            {
                "client": "92:40:8e:0d:5c:39",
                "rssi": -76
            },
            {
                "client": "92:47:37:e2:a5:85",
                "rssi": -88
            },
            {
                "client": "96:03:1d:f6:2e:69",
                "rssi": -79
            },
            {
                "client": "a6:91:ca:de:33:6e",
                "rssi": -78
            },
            {
                "client": "b2:3b:89:a4:12:a7",
                "rssi": -73
            },
            {
                "channel_width": 1,
                "client": "d2:34:73:29:fa:76",
                "mimo": 0,
                "rssi": -88
            },
            {
                "client": "d2:e4:b4:a1:2b:c7",
                "rssi": -77
            },
            {
                "channel_width": 1,
                "client": "d4:11:a3:be:25:cd",
                "mimo": 0,
                "rssi": -83
            },
            {
                "channel_width": 1,
                "client": "de:92:91:76:10:9f",
                "mimo": 0,
                "rssi": -88
            },
            {
                "client": "e6:fe:3f:41:4b:15",
                "rssi": -79
            },
            {
                "client": "ea:9a:3e:52:68:0c",
                "rssi": -76
            },
            {
                "client": "ee:77:a0:13:09:92",
                "rssi": -77
            },
            {
                "client": "f2:11:60:9e:cb:4c",
                "rssi": -74
            }
        ],
        "frame_channel": 9,
        "mimo": 0,
        "mode": 1,
        "pmf": false,
        "protocol": 61,
        "radiotap_channel": 9,
        "rssi": -78,
        "ssid": "SECUI_GUEST",
        "ssid_broadcast": true,
        "wps": false
    },
    {
        "band": 1,
        "bssid": "24:d1:3f:15:6c:15",
        "channel_width": 1,
        "cipher": 1,
        "clients": [
            {
                "client": "3a:67:fc:c9:ab:1c",
                "rssi": -89
            }
        ],
        "frame_channel": 11,
        "mimo": 2,
        "mode": 1,
        "pmf": false,
        "protocol": 29,
        "radiotap_channel": 11,
        "rssi": -90,
        "ssid": "Public WiFi Free_721",
        "ssid_broadcast": true,
        "wps": false
    },
    {
        "auth": 3,
        "band": 1,
        "bssid": "00:26:66:6d:ff:7c",
        "channel_width": 2,
        "cipher": 4,
        "clients": [],
        "frame_channel": 11,
        "mimo": 0,
        "mode": 1,
        "pmf": false,
        "protocol": 13,
        "radiotap_channel": 11,
        "rssi": -74,
        "ssid": "SSLVPN_2.4G",
        "ssid_broadcast": true,
        "wps": true
    }
]
